<?xml version="1.0" encoding="UTF-8"?>
<!-- Generated by org.testng.reporters.JUnitReportReporter -->
<testsuite failures="0" tests="1" name="testCases.TC001_AccountRegistrationTestTest" time="0.002" errors="0" timestamp="2025-08-13T21:13:32 IST" skipped="0">
  <testcase classname="testCases.TC001_AccountRegistrationTestTest" name="f" time="0.002"/>
</testsuite> <!-- testCases.TC001_AccountRegistrationTestTest -->
