<?xml version="1.0" encoding="UTF-8"?>
<!-- Generated by org.testng.reporters.JUnitReportReporter -->
<testsuite failures="0" tests="1" name="testCases.TC002_LoginTest" time="2.129" errors="0" timestamp="2025-08-14T09:07:00 IST" skipped="0">
  <testcase classname="testCases.TC002_LoginTest" name="verify_login" time="2.129"/>
</testsuite> <!-- testCases.TC002_LoginTest -->
